<testsuite errors="0" failures="0" name="Django Project Tests" skips="0" tests="58" time="8.532"><testcase classname="api.tests.api.test_anthologies.AnthologyApiTest" name="test_get_request_has_200_status_code" time="0.170914" /><testcase classname="api.tests.api.test_anthologies.AnthologyApiTest" name="test_get_request_with_id_has_200_status_code" time="0.117568" /><testcase classname="api.tests.api.test_anthologies.AnthologyApiTest" name="test_get_request_with_non_existent_id_has_404_status_code" time="0.137962" /><testcase classname="api.tests.api.test_anthologies.AnthologyApiTest" name="test_number_of_items_are_equal" time="0.116960" /><testcase classname="api.tests.api.test_anthologies.AnthologyApiTest" name="test_random_text_as_parameter_gives_400_status_code" time="0.151623" /><testcase classname="api.tests.api.test_anthologies.AnthologyApiTest" name="test_slug_equals_ot_as_parameter_has_len_one" time="0.123327" /><testcase classname="api.tests.api.test_books.BookApiTestCases" name="test_get_request_returns_ok" time="0.127964" /><testcase classname="api.tests.api.test_books.BookApiTestCases" name="test_get_request_with_id_returns_ok" time="0.102902" /><testcase classname="api.tests.api.test_books.BookApiTestCases" name="test_language_dependency" time="0.133956" /><testcase classname="api.tests.api.test_books.BookApiTestCases" name="test_null_url_returns_404" time="0.107611" /><testcase classname="api.tests.api.test_books.BookApiTestCases" name="test_random_url_returns_400" time="0.140130" /><testcase classname="api.tests.api.test_books.BookApiTestCases" name="test_response_length" time="0.110883" /><testcase classname="api.tests.api.test_chapters.ChapterApiTest" name="test_get_request_has_200_status_code" time="0.295371" /><testcase classname="api.tests.api.test_chapters.ChapterApiTest" name="test_get_request_with_non_existent_id_has_404_status_code" time="0.141032" /><testcase classname="api.tests.api.test_chapters.ChapterApiTest" name="test_number_of_items_are_equal" time="0.184572" /><testcase classname="api.tests.api.test_chapters.ChapterApiTest" name="test_random_text_as_parameter_gives_400_status_code" time="0.179589" /><testcase classname="api.tests.api.test_chapters.ChapterApiTest" name="test_response_contains_project" time="0.174259" /><testcase classname="api.tests.api.test_chunks.ChunkApiTest" name="test_get_request_has_200_status_code" time="0.146296" /><testcase classname="api.tests.api.test_chunks.ChunkApiTest" name="test_get_request_with_id_has_200_status_code" time="0.190090" /><testcase classname="api.tests.api.test_chunks.ChunkApiTest" name="test_get_request_with_non_existent_id_has_404_status_code" time="0.153481" /><testcase classname="api.tests.api.test_chunks.ChunkApiTest" name="test_number_of_items_are_equal" time="0.165525" /><testcase classname="api.tests.api.test_chunks.ChunkApiTest" name="test_random_text_as_parameter_gives_400_status_code" time="0.198290" /><testcase classname="api.tests.api.test_comments.CommentApiTest" name="test_get_request_has_200_status_code" time="0.143291" /><testcase classname="api.tests.api.test_comments.CommentApiTest" name="test_get_request_with_id_has_200_status_code" time="0.153465" /><testcase classname="api.tests.api.test_comments.CommentApiTest" name="test_get_request_with_non_existent_id_has_404_status_code" time="0.183172" /><testcase classname="api.tests.api.test_comments.CommentApiTest" name="test_number_of_items_are_equal" time="0.151735" /><testcase classname="api.tests.api.test_comments.CommentApiTest" name="test_random_text_as_parameter_gives_400_status_code" time="0.159022" /><testcase classname="api.tests.api.test_languages.LanguageApiTest" name="test_get_request_has_200_status_code" time="0.129793" /><testcase classname="api.tests.api.test_languages.LanguageApiTest" name="test_get_request_with_id_has_200_status_code" time="0.116978" /><testcase classname="api.tests.api.test_languages.LanguageApiTest" name="test_get_request_with_non_existent_id_has_404_status_code" time="0.111050" /><testcase classname="api.tests.api.test_languages.LanguageApiTest" name="test_number_of_items_are_equal" time="0.110279" /><testcase classname="api.tests.api.test_languages.LanguageApiTest" name="test_random_text_as_parameter_gives_400_status_code" time="0.143971" /><testcase classname="api.tests.api.test_languages.LanguageApiTest" name="test_slug_equals_en_x_demo_as_parameter_has_len_one" time="0.157685" /><testcase classname="api.tests.api.test_modes.ModesApiTest" name="test_get_request_has_200_status_code" time="0.099167" /><testcase classname="api.tests.api.test_modes.ModesApiTest" name="test_get_request_with_id_has_200_status_code" time="0.099952" /><testcase classname="api.tests.api.test_modes.ModesApiTest" name="test_get_request_with_non_existent_id_has_404_status_code" time="0.094581" /><testcase classname="api.tests.api.test_modes.ModesApiTest" name="test_number_of_items_are_equal" time="0.166260" /><testcase classname="api.tests.api.test_modes.ModesApiTest" name="test_random_text_as_parameter_gives_400_status_code" time="0.112475" /><testcase classname="api.tests.api.test_modes.ModesApiTest" name="test_slug_equals_en_x_demo_as_parameter_has_len_one" time="0.100429" /><testcase classname="api.tests.api.test_projects.ProjectsApiTest" name="test_get_request_has_200_status_code" time="0.182982" /><testcase classname="api.tests.api.test_projects.ProjectsApiTest" name="test_get_request_with_id_has_200_status_code" time="0.321048" /><testcase classname="api.tests.api.test_projects.ProjectsApiTest" name="test_get_request_with_non_existent_id_has_404_status_code" time="0.141179" /><testcase classname="api.tests.api.test_projects.ProjectsApiTest" name="test_number_of_items_are_equal" time="0.198345" /><testcase classname="api.tests.api.test_projects.ProjectsApiTest" name="test_random_text_as_parameter_gives_400_status_code" time="0.152187" /><testcase classname="api.tests.api.test_takes.TakesApiTest" name="test_get_request_returns_ok" time="0.152167" /><testcase classname="api.tests.api.test_takes.TakesApiTest" name="test_get_request_with_id" time="0.196138" /><testcase classname="api.tests.api.test_takes.TakesApiTest" name="test_null_get_request" time="0.153825" /><testcase classname="api.tests.api.test_takes.TakesApiTest" name="test_random_parameter_in_url" time="0.158805" /><testcase classname="api.tests.api.test_takes.TakesApiTest" name="test_rating_is_updated" time="0.196571" /><testcase classname="api.tests.api.test_versions.VersionApiTest" name="test_get_request_has_200_status_code" time="0.110951" /><testcase classname="api.tests.api.test_versions.VersionApiTest" name="test_get_request_with_id_has_200_status_code" time="0.113294" /><testcase classname="api.tests.api.test_versions.VersionApiTest" name="test_get_request_with_non_existent_id_has_404_status_code" time="0.123932" /><testcase classname="api.tests.api.test_versions.VersionApiTest" name="test_number_of_items_are_equal" time="0.104288" /><testcase classname="api.tests.api.test_versions.VersionApiTest" name="test_random_text_as_parameter_gives_400_status_code" time="0.125871" /><testcase classname="api.tests.api.test_versions.VersionApiTest" name="test_slug_equals_en_x_demo_as_parameter_has_len_one" time="0.105134" /><testcase classname="api.tests.test_books.BookModelTestCases" name="test_serializer_ouput" time="0.017330" /><testcase classname="api.tests.test_get_projects.GetProjectsTestCases" name="test_keys_in_project" time="0.073708" /><testcase classname="api.tests.test_upload.UploadTestCases" name="test_create_root_directory" time="0.019432" /></testsuite>