<testsuite errors="0" failures="0" name="Django Project Tests" skips="0" tests="58" time="11.396"><testcase classname="api.tests.api.test_anthologies.AnthologyApiTest" name="test_get_request_has_200_status_code" time="0.253222" /><testcase classname="api.tests.api.test_anthologies.AnthologyApiTest" name="test_get_request_with_id_has_200_status_code" time="0.150230" /><testcase classname="api.tests.api.test_anthologies.AnthologyApiTest" name="test_get_request_with_non_existent_id_has_404_status_code" time="0.165531" /><testcase classname="api.tests.api.test_anthologies.AnthologyApiTest" name="test_number_of_items_are_equal" time="0.144359" /><testcase classname="api.tests.api.test_anthologies.AnthologyApiTest" name="test_random_text_as_parameter_gives_400_status_code" time="0.185961" /><testcase classname="api.tests.api.test_anthologies.AnthologyApiTest" name="test_slug_equals_ot_as_parameter_has_len_one" time="0.163261" /><testcase classname="api.tests.api.test_books.BookApiTestCases" name="test_get_request_returns_ok" time="0.234043" /><testcase classname="api.tests.api.test_books.BookApiTestCases" name="test_get_request_with_id_returns_ok" time="0.166761" /><testcase classname="api.tests.api.test_books.BookApiTestCases" name="test_language_dependency" time="0.147835" /><testcase classname="api.tests.api.test_books.BookApiTestCases" name="test_null_url_returns_404" time="0.156111" /><testcase classname="api.tests.api.test_books.BookApiTestCases" name="test_random_url_returns_400" time="0.162917" /><testcase classname="api.tests.api.test_books.BookApiTestCases" name="test_response_length" time="0.159020" /><testcase classname="api.tests.api.test_chapters.ChapterApiTest" name="test_get_request_has_200_status_code" time="0.306466" /><testcase classname="api.tests.api.test_chapters.ChapterApiTest" name="test_get_request_with_non_existent_id_has_404_status_code" time="0.167688" /><testcase classname="api.tests.api.test_chapters.ChapterApiTest" name="test_number_of_items_are_equal" time="0.275352" /><testcase classname="api.tests.api.test_chapters.ChapterApiTest" name="test_random_text_as_parameter_gives_400_status_code" time="0.170636" /><testcase classname="api.tests.api.test_chapters.ChapterApiTest" name="test_response_contains_project" time="0.224675" /><testcase classname="api.tests.api.test_chunks.ChunkApiTest" name="test_get_request_has_200_status_code" time="0.234926" /><testcase classname="api.tests.api.test_chunks.ChunkApiTest" name="test_get_request_with_id_has_200_status_code" time="0.229122" /><testcase classname="api.tests.api.test_chunks.ChunkApiTest" name="test_get_request_with_non_existent_id_has_404_status_code" time="0.237678" /><testcase classname="api.tests.api.test_chunks.ChunkApiTest" name="test_number_of_items_are_equal" time="0.198975" /><testcase classname="api.tests.api.test_chunks.ChunkApiTest" name="test_random_text_as_parameter_gives_400_status_code" time="0.172298" /><testcase classname="api.tests.api.test_comments.CommentApiTest" name="test_get_request_has_200_status_code" time="0.215926" /><testcase classname="api.tests.api.test_comments.CommentApiTest" name="test_get_request_with_id_has_200_status_code" time="0.195255" /><testcase classname="api.tests.api.test_comments.CommentApiTest" name="test_get_request_with_non_existent_id_has_404_status_code" time="0.243921" /><testcase classname="api.tests.api.test_comments.CommentApiTest" name="test_number_of_items_are_equal" time="0.223497" /><testcase classname="api.tests.api.test_comments.CommentApiTest" name="test_random_text_as_parameter_gives_400_status_code" time="0.214021" /><testcase classname="api.tests.api.test_languages.LanguageApiTest" name="test_get_request_has_200_status_code" time="0.246921" /><testcase classname="api.tests.api.test_languages.LanguageApiTest" name="test_get_request_with_id_has_200_status_code" time="0.202144" /><testcase classname="api.tests.api.test_languages.LanguageApiTest" name="test_get_request_with_non_existent_id_has_404_status_code" time="0.198247" /><testcase classname="api.tests.api.test_languages.LanguageApiTest" name="test_number_of_items_are_equal" time="0.142579" /><testcase classname="api.tests.api.test_languages.LanguageApiTest" name="test_random_text_as_parameter_gives_400_status_code" time="0.148620" /><testcase classname="api.tests.api.test_languages.LanguageApiTest" name="test_slug_equals_en_x_demo_as_parameter_has_len_one" time="0.116714" /><testcase classname="api.tests.api.test_modes.ModesApiTest" name="test_get_request_has_200_status_code" time="0.185350" /><testcase classname="api.tests.api.test_modes.ModesApiTest" name="test_get_request_with_id_has_200_status_code" time="0.195386" /><testcase classname="api.tests.api.test_modes.ModesApiTest" name="test_get_request_with_non_existent_id_has_404_status_code" time="0.194710" /><testcase classname="api.tests.api.test_modes.ModesApiTest" name="test_number_of_items_are_equal" time="0.182296" /><testcase classname="api.tests.api.test_modes.ModesApiTest" name="test_random_text_as_parameter_gives_400_status_code" time="0.216014" /><testcase classname="api.tests.api.test_modes.ModesApiTest" name="test_slug_equals_en_x_demo_as_parameter_has_len_one" time="0.160736" /><testcase classname="api.tests.api.test_projects.ProjectsApiTest" name="test_get_request_has_200_status_code" time="0.315758" /><testcase classname="api.tests.api.test_projects.ProjectsApiTest" name="test_get_request_with_id_has_200_status_code" time="0.398144" /><testcase classname="api.tests.api.test_projects.ProjectsApiTest" name="test_get_request_with_non_existent_id_has_404_status_code" time="0.191452" /><testcase classname="api.tests.api.test_projects.ProjectsApiTest" name="test_number_of_items_are_equal" time="0.247856" /><testcase classname="api.tests.api.test_projects.ProjectsApiTest" name="test_random_text_as_parameter_gives_400_status_code" time="0.202306" /><testcase classname="api.tests.api.test_takes.TakesApiTest" name="test_get_request_returns_ok" time="0.239997" /><testcase classname="api.tests.api.test_takes.TakesApiTest" name="test_get_request_with_id" time="0.206397" /><testcase classname="api.tests.api.test_takes.TakesApiTest" name="test_null_get_request" time="0.183270" /><testcase classname="api.tests.api.test_takes.TakesApiTest" name="test_random_parameter_in_url" time="0.236917" /><testcase classname="api.tests.api.test_takes.TakesApiTest" name="test_rating_is_updated" time="0.290720" /><testcase classname="api.tests.api.test_versions.VersionApiTest" name="test_get_request_has_200_status_code" time="0.176525" /><testcase classname="api.tests.api.test_versions.VersionApiTest" name="test_get_request_with_id_has_200_status_code" time="0.121530" /><testcase classname="api.tests.api.test_versions.VersionApiTest" name="test_get_request_with_non_existent_id_has_404_status_code" time="0.117720" /><testcase classname="api.tests.api.test_versions.VersionApiTest" name="test_number_of_items_are_equal" time="0.122509" /><testcase classname="api.tests.api.test_versions.VersionApiTest" name="test_random_text_as_parameter_gives_400_status_code" time="0.151532" /><testcase classname="api.tests.api.test_versions.VersionApiTest" name="test_slug_equals_en_x_demo_as_parameter_has_len_one" time="0.127073" /><testcase classname="api.tests.test_books.BookModelTestCases" name="test_serializer_ouput" time="0.022511" /><testcase classname="api.tests.test_get_projects.GetProjectsTestCases" name="test_keys_in_project" time="0.100154" /><testcase classname="api.tests.test_upload.UploadTestCases" name="test_create_root_directory" time="0.023823" /></testsuite>