<testsuite errors="0" failures="0" name="Django Project Tests" skips="0" tests="58" time="10.037"><testcase classname="api.tests.api.test_anthologies.AnthologyApiTest" name="test_get_request_has_200_status_code" time="0.213461" /><testcase classname="api.tests.api.test_anthologies.AnthologyApiTest" name="test_get_request_with_id_has_200_status_code" time="0.122575" /><testcase classname="api.tests.api.test_anthologies.AnthologyApiTest" name="test_get_request_with_non_existent_id_has_404_status_code" time="0.111494" /><testcase classname="api.tests.api.test_anthologies.AnthologyApiTest" name="test_number_of_items_are_equal" time="0.151990" /><testcase classname="api.tests.api.test_anthologies.AnthologyApiTest" name="test_random_text_as_parameter_gives_400_status_code" time="0.150865" /><testcase classname="api.tests.api.test_anthologies.AnthologyApiTest" name="test_slug_equals_ot_as_parameter_has_len_one" time="0.140718" /><testcase classname="api.tests.api.test_books.BookApiTestCases" name="test_get_request_returns_ok" time="0.207350" /><testcase classname="api.tests.api.test_books.BookApiTestCases" name="test_get_request_with_id_returns_ok" time="0.164629" /><testcase classname="api.tests.api.test_books.BookApiTestCases" name="test_language_dependency" time="0.175056" /><testcase classname="api.tests.api.test_books.BookApiTestCases" name="test_null_url_returns_404" time="0.145064" /><testcase classname="api.tests.api.test_books.BookApiTestCases" name="test_random_url_returns_400" time="0.162697" /><testcase classname="api.tests.api.test_books.BookApiTestCases" name="test_response_length" time="0.198259" /><testcase classname="api.tests.api.test_chapters.ChapterApiTest" name="test_get_request_has_200_status_code" time="0.284748" /><testcase classname="api.tests.api.test_chapters.ChapterApiTest" name="test_get_request_with_non_existent_id_has_404_status_code" time="0.243171" /><testcase classname="api.tests.api.test_chapters.ChapterApiTest" name="test_number_of_items_are_equal" time="0.187547" /><testcase classname="api.tests.api.test_chapters.ChapterApiTest" name="test_random_text_as_parameter_gives_400_status_code" time="0.217838" /><testcase classname="api.tests.api.test_chapters.ChapterApiTest" name="test_response_contains_project" time="0.256728" /><testcase classname="api.tests.api.test_chunks.ChunkApiTest" name="test_get_request_has_200_status_code" time="0.188698" /><testcase classname="api.tests.api.test_chunks.ChunkApiTest" name="test_get_request_with_id_has_200_status_code" time="0.234654" /><testcase classname="api.tests.api.test_chunks.ChunkApiTest" name="test_get_request_with_non_existent_id_has_404_status_code" time="0.198764" /><testcase classname="api.tests.api.test_chunks.ChunkApiTest" name="test_number_of_items_are_equal" time="0.199500" /><testcase classname="api.tests.api.test_chunks.ChunkApiTest" name="test_random_text_as_parameter_gives_400_status_code" time="0.183418" /><testcase classname="api.tests.api.test_comments.CommentApiTest" name="test_get_request_has_200_status_code" time="0.150828" /><testcase classname="api.tests.api.test_comments.CommentApiTest" name="test_get_request_with_id_has_200_status_code" time="0.153538" /><testcase classname="api.tests.api.test_comments.CommentApiTest" name="test_get_request_with_non_existent_id_has_404_status_code" time="0.228308" /><testcase classname="api.tests.api.test_comments.CommentApiTest" name="test_number_of_items_are_equal" time="0.165518" /><testcase classname="api.tests.api.test_comments.CommentApiTest" name="test_random_text_as_parameter_gives_400_status_code" time="0.196058" /><testcase classname="api.tests.api.test_languages.LanguageApiTest" name="test_get_request_has_200_status_code" time="0.114887" /><testcase classname="api.tests.api.test_languages.LanguageApiTest" name="test_get_request_with_id_has_200_status_code" time="0.123775" /><testcase classname="api.tests.api.test_languages.LanguageApiTest" name="test_get_request_with_non_existent_id_has_404_status_code" time="0.136000" /><testcase classname="api.tests.api.test_languages.LanguageApiTest" name="test_number_of_items_are_equal" time="0.140891" /><testcase classname="api.tests.api.test_languages.LanguageApiTest" name="test_random_text_as_parameter_gives_400_status_code" time="0.203972" /><testcase classname="api.tests.api.test_languages.LanguageApiTest" name="test_slug_equals_en_x_demo_as_parameter_has_len_one" time="0.125839" /><testcase classname="api.tests.api.test_modes.ModesApiTest" name="test_get_request_has_200_status_code" time="0.164389" /><testcase classname="api.tests.api.test_modes.ModesApiTest" name="test_get_request_with_id_has_200_status_code" time="0.158184" /><testcase classname="api.tests.api.test_modes.ModesApiTest" name="test_get_request_with_non_existent_id_has_404_status_code" time="0.120585" /><testcase classname="api.tests.api.test_modes.ModesApiTest" name="test_number_of_items_are_equal" time="0.116270" /><testcase classname="api.tests.api.test_modes.ModesApiTest" name="test_random_text_as_parameter_gives_400_status_code" time="0.119565" /><testcase classname="api.tests.api.test_modes.ModesApiTest" name="test_slug_equals_en_x_demo_as_parameter_has_len_one" time="0.133083" /><testcase classname="api.tests.api.test_projects.ProjectsApiTest" name="test_get_request_has_200_status_code" time="0.219662" /><testcase classname="api.tests.api.test_projects.ProjectsApiTest" name="test_get_request_with_id_has_200_status_code" time="0.336602" /><testcase classname="api.tests.api.test_projects.ProjectsApiTest" name="test_get_request_with_non_existent_id_has_404_status_code" time="0.139221" /><testcase classname="api.tests.api.test_projects.ProjectsApiTest" name="test_number_of_items_are_equal" time="0.186399" /><testcase classname="api.tests.api.test_projects.ProjectsApiTest" name="test_random_text_as_parameter_gives_400_status_code" time="0.210357" /><testcase classname="api.tests.api.test_takes.TakesApiTest" name="test_get_request_returns_ok" time="0.239716" /><testcase classname="api.tests.api.test_takes.TakesApiTest" name="test_get_request_with_id" time="0.222825" /><testcase classname="api.tests.api.test_takes.TakesApiTest" name="test_null_get_request" time="0.166259" /><testcase classname="api.tests.api.test_takes.TakesApiTest" name="test_random_parameter_in_url" time="0.167727" /><testcase classname="api.tests.api.test_takes.TakesApiTest" name="test_rating_is_updated" time="0.192821" /><testcase classname="api.tests.api.test_versions.VersionApiTest" name="test_get_request_has_200_status_code" time="0.121436" /><testcase classname="api.tests.api.test_versions.VersionApiTest" name="test_get_request_with_id_has_200_status_code" time="0.129591" /><testcase classname="api.tests.api.test_versions.VersionApiTest" name="test_get_request_with_non_existent_id_has_404_status_code" time="0.142924" /><testcase classname="api.tests.api.test_versions.VersionApiTest" name="test_number_of_items_are_equal" time="0.134183" /><testcase classname="api.tests.api.test_versions.VersionApiTest" name="test_random_text_as_parameter_gives_400_status_code" time="0.143388" /><testcase classname="api.tests.api.test_versions.VersionApiTest" name="test_slug_equals_en_x_demo_as_parameter_has_len_one" time="0.150790" /><testcase classname="api.tests.test_books.BookModelTestCases" name="test_serializer_ouput" time="0.018996" /><testcase classname="api.tests.test_get_projects.GetProjectsTestCases" name="test_keys_in_project" time="0.112689" /><testcase classname="api.tests.test_upload.UploadTestCases" name="test_create_root_directory" time="0.026263" /></testsuite>