<testsuite errors="0" failures="0" name="Django Project Tests" skips="0" tests="58" time="13.664"><testcase classname="api.tests.api.test_anthologies.AnthologyApiTest" name="test_get_request_has_200_status_code" time="0.274020" /><testcase classname="api.tests.api.test_anthologies.AnthologyApiTest" name="test_get_request_with_id_has_200_status_code" time="0.181026" /><testcase classname="api.tests.api.test_anthologies.AnthologyApiTest" name="test_get_request_with_non_existent_id_has_404_status_code" time="0.199570" /><testcase classname="api.tests.api.test_anthologies.AnthologyApiTest" name="test_number_of_items_are_equal" time="0.248410" /><testcase classname="api.tests.api.test_anthologies.AnthologyApiTest" name="test_random_text_as_parameter_gives_400_status_code" time="0.206488" /><testcase classname="api.tests.api.test_anthologies.AnthologyApiTest" name="test_slug_equals_ot_as_parameter_has_len_one" time="0.210205" /><testcase classname="api.tests.api.test_books.BookApiTestCases" name="test_get_request_returns_ok" time="0.183732" /><testcase classname="api.tests.api.test_books.BookApiTestCases" name="test_get_request_with_id_returns_ok" time="0.182105" /><testcase classname="api.tests.api.test_books.BookApiTestCases" name="test_language_dependency" time="0.197918" /><testcase classname="api.tests.api.test_books.BookApiTestCases" name="test_null_url_returns_404" time="0.196994" /><testcase classname="api.tests.api.test_books.BookApiTestCases" name="test_random_url_returns_400" time="0.209380" /><testcase classname="api.tests.api.test_books.BookApiTestCases" name="test_response_length" time="0.262743" /><testcase classname="api.tests.api.test_chapters.ChapterApiTest" name="test_get_request_has_200_status_code" time="0.382231" /><testcase classname="api.tests.api.test_chapters.ChapterApiTest" name="test_get_request_with_non_existent_id_has_404_status_code" time="0.259877" /><testcase classname="api.tests.api.test_chapters.ChapterApiTest" name="test_number_of_items_are_equal" time="0.249414" /><testcase classname="api.tests.api.test_chapters.ChapterApiTest" name="test_random_text_as_parameter_gives_400_status_code" time="0.294728" /><testcase classname="api.tests.api.test_chapters.ChapterApiTest" name="test_response_contains_project" time="0.263576" /><testcase classname="api.tests.api.test_chunks.ChunkApiTest" name="test_get_request_has_200_status_code" time="0.262562" /><testcase classname="api.tests.api.test_chunks.ChunkApiTest" name="test_get_request_with_id_has_200_status_code" time="0.273964" /><testcase classname="api.tests.api.test_chunks.ChunkApiTest" name="test_get_request_with_non_existent_id_has_404_status_code" time="0.313092" /><testcase classname="api.tests.api.test_chunks.ChunkApiTest" name="test_number_of_items_are_equal" time="0.305913" /><testcase classname="api.tests.api.test_chunks.ChunkApiTest" name="test_random_text_as_parameter_gives_400_status_code" time="0.241201" /><testcase classname="api.tests.api.test_comments.CommentApiTest" name="test_get_request_has_200_status_code" time="0.246742" /><testcase classname="api.tests.api.test_comments.CommentApiTest" name="test_get_request_with_id_has_200_status_code" time="0.359740" /><testcase classname="api.tests.api.test_comments.CommentApiTest" name="test_get_request_with_non_existent_id_has_404_status_code" time="0.273844" /><testcase classname="api.tests.api.test_comments.CommentApiTest" name="test_number_of_items_are_equal" time="0.253379" /><testcase classname="api.tests.api.test_comments.CommentApiTest" name="test_random_text_as_parameter_gives_400_status_code" time="0.275956" /><testcase classname="api.tests.api.test_languages.LanguageApiTest" name="test_get_request_has_200_status_code" time="0.262305" /><testcase classname="api.tests.api.test_languages.LanguageApiTest" name="test_get_request_with_id_has_200_status_code" time="0.200672" /><testcase classname="api.tests.api.test_languages.LanguageApiTest" name="test_get_request_with_non_existent_id_has_404_status_code" time="0.180225" /><testcase classname="api.tests.api.test_languages.LanguageApiTest" name="test_number_of_items_are_equal" time="0.185366" /><testcase classname="api.tests.api.test_languages.LanguageApiTest" name="test_random_text_as_parameter_gives_400_status_code" time="0.170170" /><testcase classname="api.tests.api.test_languages.LanguageApiTest" name="test_slug_equals_en_x_demo_as_parameter_has_len_one" time="0.194810" /><testcase classname="api.tests.api.test_modes.ModesApiTest" name="test_get_request_has_200_status_code" time="0.171013" /><testcase classname="api.tests.api.test_modes.ModesApiTest" name="test_get_request_with_id_has_200_status_code" time="0.196465" /><testcase classname="api.tests.api.test_modes.ModesApiTest" name="test_get_request_with_non_existent_id_has_404_status_code" time="0.147105" /><testcase classname="api.tests.api.test_modes.ModesApiTest" name="test_number_of_items_are_equal" time="0.149230" /><testcase classname="api.tests.api.test_modes.ModesApiTest" name="test_random_text_as_parameter_gives_400_status_code" time="0.189572" /><testcase classname="api.tests.api.test_modes.ModesApiTest" name="test_slug_equals_en_x_demo_as_parameter_has_len_one" time="0.173780" /><testcase classname="api.tests.api.test_projects.ProjectsApiTest" name="test_get_request_has_200_status_code" time="0.360163" /><testcase classname="api.tests.api.test_projects.ProjectsApiTest" name="test_get_request_with_id_has_200_status_code" time="0.431809" /><testcase classname="api.tests.api.test_projects.ProjectsApiTest" name="test_get_request_with_non_existent_id_has_404_status_code" time="0.216964" /><testcase classname="api.tests.api.test_projects.ProjectsApiTest" name="test_number_of_items_are_equal" time="0.354412" /><testcase classname="api.tests.api.test_projects.ProjectsApiTest" name="test_random_text_as_parameter_gives_400_status_code" time="0.229131" /><testcase classname="api.tests.api.test_takes.TakesApiTest" name="test_get_request_returns_ok" time="0.225900" /><testcase classname="api.tests.api.test_takes.TakesApiTest" name="test_get_request_with_id" time="0.215629" /><testcase classname="api.tests.api.test_takes.TakesApiTest" name="test_null_get_request" time="0.296508" /><testcase classname="api.tests.api.test_takes.TakesApiTest" name="test_random_parameter_in_url" time="0.262949" /><testcase classname="api.tests.api.test_takes.TakesApiTest" name="test_rating_is_updated" time="0.257940" /><testcase classname="api.tests.api.test_versions.VersionApiTest" name="test_get_request_has_200_status_code" time="0.167833" /><testcase classname="api.tests.api.test_versions.VersionApiTest" name="test_get_request_with_id_has_200_status_code" time="0.210717" /><testcase classname="api.tests.api.test_versions.VersionApiTest" name="test_get_request_with_non_existent_id_has_404_status_code" time="0.303164" /><testcase classname="api.tests.api.test_versions.VersionApiTest" name="test_number_of_items_are_equal" time="0.168808" /><testcase classname="api.tests.api.test_versions.VersionApiTest" name="test_random_text_as_parameter_gives_400_status_code" time="0.186980" /><testcase classname="api.tests.api.test_versions.VersionApiTest" name="test_slug_equals_en_x_demo_as_parameter_has_len_one" time="0.133165" /><testcase classname="api.tests.test_books.BookModelTestCases" name="test_serializer_ouput" time="0.024513" /><testcase classname="api.tests.test_get_projects.GetProjectsTestCases" name="test_keys_in_project" time="0.129664" /><testcase classname="api.tests.test_upload.UploadTestCases" name="test_create_root_directory" time="0.034690" /></testsuite>